This file contains any messages produced by compilers while
running configure, to aid debugging if configure makes a mistake.

It was created by MY_PROJECT configure v0.0.1, which was
generated by GNU Autoconf 2.69.  Invocation command line was

  $ ../configure 

## --------- ##
## Platform. ##
## --------- ##

hostname = MacBook-Air
uname -m = x86_64
uname -r = 15.6.0
uname -s = Darwin
uname -v = Darwin Kernel Version 15.6.0: Mon Aug 29 20:21:34 PDT 2016; root:xnu-3248.60.11~1/RELEASE_X86_64

/usr/bin/uname -p = i386
/bin/uname -X     = unknown

/bin/arch              = unknown
/usr/bin/arch -k       = unknown
/usr/convex/getsysinfo = unknown
/usr/bin/hostinfo      = Mach kernel version:
	 Darwin Kernel Version 15.6.0: Mon Aug 29 20:21:34 PDT 2016; root:xnu-3248.60.11~1/RELEASE_X86_64
Kernel configured for up to 4 processors.
2 processors are physically available.
4 processors are logically available.
Processor type: i486 (Intel 80486)
Processors active: 0 1 2 3
Primary memory available: 4.00 gigabytes
Default processor set: 245 tasks, 1432 threads, 4 processors
Load average: 2.68, Mach factor: 1.31
/bin/machine           = unknown
/usr/bin/oslevel       = unknown
/bin/universe          = unknown

PATH: /usr/local/bin/bin
PATH: /Applications/Gmsh.app/Contents/MacOS
PATH: /Users/mnsaru/.rbenv/shims
PATH: /Users/mnsaru/.rbenv/bin
PATH: /Library/Frameworks/Python.framework/Versions/3.4/bin
PATH: /usr/local/bin
PATH: /usr/local/sbin
PATH: /Users/mnsaru/.rvm/gems/ruby-1.9.2-p320/bin
PATH: /Users/mnsaru/.rvm/gems/ruby-1.9.2-p320@global/bin
PATH: /Users/mnsaru/.rvm/rubies/ruby-1.9.2-p320/bin
PATH: /Users/mnsaru/.rvm/bin
PATH: /Users/mnsaru/.nodebrew/current/bin
PATH: /Users/mnsaru/bin
PATH: /Library/Java/JavaVirtualMachines/1.6.0_29-b11-402.jdk/Contents/Home/bin
PATH: /usr/local/bin
PATH: /usr/bin
PATH: /bin
PATH: /usr/sbin
PATH: /sbin
PATH: /opt/X11/bin
PATH: /Library/TeX/texbin
PATH: /usr/local/mysql/bin
PATH: /usr/local/texlive/2015/bin/x86_64-darwin/
PATH: /usr/local/share/python


## ----------- ##
## Core tests. ##
## ----------- ##

configure:2421: checking for a BSD-compatible install
configure:2489: result: /usr/local/bin/ginstall -c
configure:2500: checking whether build environment is sane
configure:2555: result: yes
configure:2706: checking for a thread-safe mkdir -p
configure:2745: result: /usr/local/bin/gmkdir -p
configure:2752: checking for gawk
configure:2782: result: no
configure:2752: checking for mawk
configure:2782: result: no
configure:2752: checking for nawk
configure:2782: result: no
configure:2752: checking for awk
configure:2768: found /usr/bin/awk
configure:2779: result: awk
configure:2790: checking whether make sets $(MAKE)
configure:2812: result: yes
configure:2841: checking whether make supports nested variables
configure:2858: result: yes
configure:2997: checking for style of include used by make
configure:3025: result: GNU
configure:3096: checking for gcc
configure:3123: result: /usr/bin/gcc
configure:3352: checking for C compiler version
configure:3361: /usr/bin/gcc --version >&5
Apple LLVM version 7.3.0 (clang-703.0.31)
Target: x86_64-apple-darwin15.6.0
Thread model: posix
InstalledDir: /Library/Developer/CommandLineTools/usr/bin
Configured with: --prefix=/Library/Developer/CommandLineTools/usr --with-gxx-include-dir=/usr/include/c++/4.2.1
configure:3372: $? = 0
configure:3361: /usr/bin/gcc -v >&5
Configured with: --prefix=/Library/Developer/CommandLineTools/usr --with-gxx-include-dir=/usr/include/c++/4.2.1
Apple LLVM version 7.3.0 (clang-703.0.31)
Target: x86_64-apple-darwin15.6.0
Thread model: posix
InstalledDir: /Library/Developer/CommandLineTools/usr/bin
configure:3372: $? = 0
configure:3361: /usr/bin/gcc -V >&5
clang: error: argument to '-V' is missing (expected 1 value)
clang: error: no input files
configure:3372: $? = 1
configure:3361: /usr/bin/gcc -qversion >&5
clang: error: unknown argument: '-qversion'
clang: error: no input files
configure:3372: $? = 1
configure:3392: checking whether the C compiler works
configure:3414: /usr/bin/gcc    conftest.c  >&5
configure:3418: $? = 0
configure:3466: result: yes
configure:3469: checking for C compiler default output file name
configure:3471: result: a.out
configure:3477: checking for suffix of executables
configure:3484: /usr/bin/gcc -o conftest    conftest.c  >&5
configure:3488: $? = 0
configure:3510: result: 
configure:3532: checking whether we are cross compiling
configure:3540: /usr/bin/gcc -o conftest    conftest.c  >&5
configure:3544: $? = 0
configure:3551: ./conftest
configure:3555: $? = 0
configure:3570: result: no
configure:3575: checking for suffix of object files
configure:3597: /usr/bin/gcc -c   conftest.c >&5
configure:3601: $? = 0
configure:3622: result: o
configure:3626: checking whether we are using the GNU C compiler
configure:3645: /usr/bin/gcc -c   conftest.c >&5
configure:3645: $? = 0
configure:3654: result: yes
configure:3663: checking whether /usr/bin/gcc accepts -g
configure:3683: /usr/bin/gcc -c -g  conftest.c >&5
configure:3683: $? = 0
configure:3724: result: yes
configure:3741: checking for /usr/bin/gcc option to accept ISO C89
configure:3804: /usr/bin/gcc  -c -g -O2  conftest.c >&5
configure:3804: $? = 0
configure:3817: result: none needed
configure:3842: checking whether /usr/bin/gcc understands -c and -o together
configure:3864: /usr/bin/gcc -c conftest.c -o conftest2.o
configure:3867: $? = 0
configure:3864: /usr/bin/gcc -c conftest.c -o conftest2.o
configure:3867: $? = 0
configure:3879: result: yes
configure:3898: checking dependency style of /usr/bin/gcc
configure:4009: result: gcc3
configure:4030: checking how to run the C preprocessor
configure:4061: /usr/bin/gcc -E  conftest.c
configure:4061: $? = 0
configure:4075: /usr/bin/gcc -E  conftest.c
conftest.c:11:10: fatal error: 'ac_nonexistent.h' file not found
#include <ac_nonexistent.h>
         ^
1 error generated.
configure:4075: $? = 1
configure: failed program was:
| /* confdefs.h */
| #define PACKAGE_NAME "MY_PROJECT"
| #define PACKAGE_TARNAME "enot"
| #define PACKAGE_VERSION "v0.0.1"
| #define PACKAGE_STRING "MY_PROJECT v0.0.1"
| #define PACKAGE_BUGREPORT "mnsaru22@gmail.com"
| #define PACKAGE_URL "http://google.com"
| #define PACKAGE "enot"
| #define VERSION "v0.0.1"
| /* end confdefs.h.  */
| #include <ac_nonexistent.h>
configure:4100: result: /usr/bin/gcc -E
configure:4120: /usr/bin/gcc -E  conftest.c
configure:4120: $? = 0
configure:4134: /usr/bin/gcc -E  conftest.c
conftest.c:11:10: fatal error: 'ac_nonexistent.h' file not found
#include <ac_nonexistent.h>
         ^
1 error generated.
configure:4134: $? = 1
configure: failed program was:
| /* confdefs.h */
| #define PACKAGE_NAME "MY_PROJECT"
| #define PACKAGE_TARNAME "enot"
| #define PACKAGE_VERSION "v0.0.1"
| #define PACKAGE_STRING "MY_PROJECT v0.0.1"
| #define PACKAGE_BUGREPORT "mnsaru22@gmail.com"
| #define PACKAGE_URL "http://google.com"
| #define PACKAGE "enot"
| #define VERSION "v0.0.1"
| /* end confdefs.h.  */
| #include <ac_nonexistent.h>
configure:4163: checking for grep that handles long lines and -e
configure:4221: result: /usr/bin/grep
configure:4226: checking for egrep
configure:4288: result: /usr/bin/grep -E
configure:4293: checking for ANSI C header files
configure:4313: /usr/bin/gcc -c -g -O2  conftest.c >&5
configure:4313: $? = 0
configure:4386: /usr/bin/gcc -o conftest -g -O2   conftest.c  >&5
configure:4386: $? = 0
configure:4386: ./conftest
configure:4386: $? = 0
configure:4397: result: yes
configure:4410: checking for sys/types.h
configure:4410: /usr/bin/gcc -c -g -O2  conftest.c >&5
configure:4410: $? = 0
configure:4410: result: yes
configure:4410: checking for sys/stat.h
configure:4410: /usr/bin/gcc -c -g -O2  conftest.c >&5
configure:4410: $? = 0
configure:4410: result: yes
configure:4410: checking for stdlib.h
configure:4410: /usr/bin/gcc -c -g -O2  conftest.c >&5
configure:4410: $? = 0
configure:4410: result: yes
configure:4410: checking for string.h
configure:4410: /usr/bin/gcc -c -g -O2  conftest.c >&5
configure:4410: $? = 0
configure:4410: result: yes
configure:4410: checking for memory.h
configure:4410: /usr/bin/gcc -c -g -O2  conftest.c >&5
configure:4410: $? = 0
configure:4410: result: yes
configure:4410: checking for strings.h
configure:4410: /usr/bin/gcc -c -g -O2  conftest.c >&5
configure:4410: $? = 0
configure:4410: result: yes
configure:4410: checking for inttypes.h
configure:4410: /usr/bin/gcc -c -g -O2  conftest.c >&5
configure:4410: $? = 0
configure:4410: result: yes
configure:4410: checking for stdint.h
configure:4410: /usr/bin/gcc -c -g -O2  conftest.c >&5
configure:4410: $? = 0
configure:4410: result: yes
configure:4410: checking for unistd.h
configure:4410: /usr/bin/gcc -c -g -O2  conftest.c >&5
configure:4410: $? = 0
configure:4410: result: yes
configure:4423: checking minix/config.h usability
configure:4423: /usr/bin/gcc -c -g -O2  conftest.c >&5
conftest.c:54:10: fatal error: 'minix/config.h' file not found
#include <minix/config.h>
         ^
1 error generated.
configure:4423: $? = 1
configure: failed program was:
| /* confdefs.h */
| #define PACKAGE_NAME "MY_PROJECT"
| #define PACKAGE_TARNAME "enot"
| #define PACKAGE_VERSION "v0.0.1"
| #define PACKAGE_STRING "MY_PROJECT v0.0.1"
| #define PACKAGE_BUGREPORT "mnsaru22@gmail.com"
| #define PACKAGE_URL "http://google.com"
| #define PACKAGE "enot"
| #define VERSION "v0.0.1"
| #define STDC_HEADERS 1
| #define HAVE_SYS_TYPES_H 1
| #define HAVE_SYS_STAT_H 1
| #define HAVE_STDLIB_H 1
| #define HAVE_STRING_H 1
| #define HAVE_MEMORY_H 1
| #define HAVE_STRINGS_H 1
| #define HAVE_INTTYPES_H 1
| #define HAVE_STDINT_H 1
| #define HAVE_UNISTD_H 1
| /* end confdefs.h.  */
| #include <stdio.h>
| #ifdef HAVE_SYS_TYPES_H
| # include <sys/types.h>
| #endif
| #ifdef HAVE_SYS_STAT_H
| # include <sys/stat.h>
| #endif
| #ifdef STDC_HEADERS
| # include <stdlib.h>
| # include <stddef.h>
| #else
| # ifdef HAVE_STDLIB_H
| #  include <stdlib.h>
| # endif
| #endif
| #ifdef HAVE_STRING_H
| # if !defined STDC_HEADERS && defined HAVE_MEMORY_H
| #  include <memory.h>
| # endif
| # include <string.h>
| #endif
| #ifdef HAVE_STRINGS_H
| # include <strings.h>
| #endif
| #ifdef HAVE_INTTYPES_H
| # include <inttypes.h>
| #endif
| #ifdef HAVE_STDINT_H
| # include <stdint.h>
| #endif
| #ifdef HAVE_UNISTD_H
| # include <unistd.h>
| #endif
| #include <minix/config.h>
configure:4423: result: no
configure:4423: checking minix/config.h presence
configure:4423: /usr/bin/gcc -E  conftest.c
conftest.c:21:10: fatal error: 'minix/config.h' file not found
#include <minix/config.h>
         ^
1 error generated.
configure:4423: $? = 1
configure: failed program was:
| /* confdefs.h */
| #define PACKAGE_NAME "MY_PROJECT"
| #define PACKAGE_TARNAME "enot"
| #define PACKAGE_VERSION "v0.0.1"
| #define PACKAGE_STRING "MY_PROJECT v0.0.1"
| #define PACKAGE_BUGREPORT "mnsaru22@gmail.com"
| #define PACKAGE_URL "http://google.com"
| #define PACKAGE "enot"
| #define VERSION "v0.0.1"
| #define STDC_HEADERS 1
| #define HAVE_SYS_TYPES_H 1
| #define HAVE_SYS_STAT_H 1
| #define HAVE_STDLIB_H 1
| #define HAVE_STRING_H 1
| #define HAVE_MEMORY_H 1
| #define HAVE_STRINGS_H 1
| #define HAVE_INTTYPES_H 1
| #define HAVE_STDINT_H 1
| #define HAVE_UNISTD_H 1
| /* end confdefs.h.  */
| #include <minix/config.h>
configure:4423: result: no
configure:4423: checking for minix/config.h
configure:4423: result: no
configure:4444: checking whether it is safe to define __EXTENSIONS__
configure:4462: /usr/bin/gcc -c -g -O2  conftest.c >&5
configure:4462: $? = 0
configure:4469: result: yes
configure:4534: checking for gcc
configure:4561: result: /usr/bin/gcc
configure:4790: checking for C compiler version
configure:4799: /usr/bin/gcc --version >&5
Apple LLVM version 7.3.0 (clang-703.0.31)
Target: x86_64-apple-darwin15.6.0
Thread model: posix
InstalledDir: /Library/Developer/CommandLineTools/usr/bin
Configured with: --prefix=/Library/Developer/CommandLineTools/usr --with-gxx-include-dir=/usr/include/c++/4.2.1
configure:4810: $? = 0
configure:4799: /usr/bin/gcc -v >&5
Configured with: --prefix=/Library/Developer/CommandLineTools/usr --with-gxx-include-dir=/usr/include/c++/4.2.1
Apple LLVM version 7.3.0 (clang-703.0.31)
Target: x86_64-apple-darwin15.6.0
Thread model: posix
InstalledDir: /Library/Developer/CommandLineTools/usr/bin
configure:4810: $? = 0
configure:4799: /usr/bin/gcc -V >&5
clang: error: argument to '-V' is missing (expected 1 value)
clang: error: no input files
configure:4810: $? = 1
configure:4799: /usr/bin/gcc -qversion >&5
clang: error: unknown argument: '-qversion'
clang: error: no input files
configure:4810: $? = 1
configure:4814: checking whether we are using the GNU C compiler
configure:4842: result: yes
configure:4851: checking whether /usr/bin/gcc accepts -g
configure:4912: result: yes
configure:4929: checking for /usr/bin/gcc option to accept ISO C89
configure:5005: result: none needed
configure:5030: checking whether /usr/bin/gcc understands -c and -o together
configure:5067: result: yes
configure:5086: checking dependency style of /usr/bin/gcc
configure:5197: result: gcc3
configure:5270: checking for g++
configure:5286: found /usr/bin/g++
configure:5297: result: g++
configure:5324: checking for C++ compiler version
configure:5333: g++ --version >&5
Apple LLVM version 7.3.0 (clang-703.0.31)
Target: x86_64-apple-darwin15.6.0
Thread model: posix
InstalledDir: /Library/Developer/CommandLineTools/usr/bin
Configured with: --prefix=/Library/Developer/CommandLineTools/usr --with-gxx-include-dir=/usr/include/c++/4.2.1
configure:5344: $? = 0
configure:5333: g++ -v >&5
Configured with: --prefix=/Library/Developer/CommandLineTools/usr --with-gxx-include-dir=/usr/include/c++/4.2.1
Apple LLVM version 7.3.0 (clang-703.0.31)
Target: x86_64-apple-darwin15.6.0
Thread model: posix
InstalledDir: /Library/Developer/CommandLineTools/usr/bin
configure:5344: $? = 0
configure:5333: g++ -V >&5
clang: error: argument to '-V' is missing (expected 1 value)
clang: error: no input files
configure:5344: $? = 1
configure:5333: g++ -qversion >&5
clang: error: unknown argument: '-qversion'
clang: error: no input files
configure:5344: $? = 1
configure:5348: checking whether we are using the GNU C++ compiler
configure:5367: g++ -c   conftest.cpp >&5
configure:5367: $? = 0
configure:5376: result: yes
configure:5385: checking whether g++ accepts -g
configure:5405: g++ -c -g  conftest.cpp >&5
configure:5405: $? = 0
configure:5446: result: yes
configure:5471: checking dependency style of g++
configure:5582: result: gcc3
configure:5601: checking build system type
configure:5615: result: x86_64-apple-darwin15.6.0
configure:5635: checking host system type
configure:5648: result: x86_64-apple-darwin15.6.0
configure:5668: checking for a sed that does not truncate output
configure:5732: result: /usr/bin/sed
configure:5750: checking for fgrep
configure:5812: result: /usr/bin/grep -F
configure:5839: checking how to print strings
configure:5866: result: printf
configure:5899: checking for ld used by /usr/bin/gcc
configure:5966: result: /Library/Developer/CommandLineTools/usr/bin/ld
configure:5973: checking if the linker (/Library/Developer/CommandLineTools/usr/bin/ld) is GNU ld
configure:5988: result: no
configure:6050: checking for ar
configure:6066: found /usr/bin/ar
configure:6077: result: ar
configure:6103: checking the archiver (ar) interface
configure:6119: /usr/bin/gcc -c -g -O2  conftest.c >&5
configure:6119: $? = 0
configure:6121: ar cru libconftest.a conftest.o >&5
configure:6124: $? = 0
configure:6152: result: ar
configure:6183: checking whether make supports nested variables
configure:6200: result: yes
configure:6266: checking for pkg-config
configure:6284: found /usr/local/bin/pkg-config
configure:6296: result: /usr/local/bin/pkg-config
configure:6321: checking pkg-config is at least version 0.9.0
configure:6324: result: yes
configure:6377: checking for BSD- or MS-compatible name lister (nm)
configure:6431: result: /usr/bin/nm -B
configure:6561: checking the name lister (/usr/bin/nm -B) interface
configure:6568: /usr/bin/gcc -c -g -O2  conftest.c >&5
configure:6571: /usr/bin/nm -B "conftest.o"
configure:6574: output
0000000000000214 S _some_variable
configure:6581: result: BSD nm
configure:6584: checking whether ln -s works
configure:6588: result: yes
configure:6596: checking the maximum length of command line arguments
configure:6727: result: 196608
configure:6775: checking how to convert x86_64-apple-darwin15.6.0 file names to x86_64-apple-darwin15.6.0 format
configure:6815: result: func_convert_file_noop
configure:6822: checking how to convert x86_64-apple-darwin15.6.0 file names to toolchain format
configure:6842: result: func_convert_file_noop
configure:6849: checking for /Library/Developer/CommandLineTools/usr/bin/ld option to reload object files
configure:6856: result: -r
configure:6930: checking for objdump
configure:6960: result: no
configure:6989: checking how to recognize dependent libraries
configure:7189: result: pass_all
configure:7274: checking for dlltool
configure:7304: result: no
configure:7334: checking how to associate runtime and link libraries
configure:7361: result: printf %s\n
configure:7485: checking for archiver @FILE support
configure:7502: /usr/bin/gcc -c -g -O2  conftest.c >&5
configure:7502: $? = 0
configure:7505: ar cru libconftest.a @conftest.lst >&5
ar: @conftest.lst: No such file or directory
configure:7508: $? = 1
configure:7528: result: no
configure:7586: checking for strip
configure:7602: found /usr/bin/strip
configure:7613: result: strip
configure:7685: checking for ranlib
configure:7701: found /usr/bin/ranlib
configure:7712: result: ranlib
configure:7814: checking command to parse /usr/bin/nm -B output from /usr/bin/gcc object
configure:7967: /usr/bin/gcc -c -g -O2  conftest.c >&5
configure:7970: $? = 0
configure:7974: /usr/bin/nm -B conftest.o \| sed -n -e 's/^.*[ ]\([BCDEGRST][BCDEGRST]*\)[ ][ ]*\([_A-Za-z][_A-Za-z0-9]*\)$/\1 \2 \2/p' | sed '/ __gnu_lto/d' \> conftest.nm
configure:7977: $? = 0
cannot find nm_test_var in conftest.nm
configure:7967: /usr/bin/gcc -c -g -O2  conftest.c >&5
configure:7970: $? = 0
configure:7974: /usr/bin/nm -B conftest.o \| sed -n -e 's/^.*[ ]\([BCDEGRST][BCDEGRST]*\)[ ][ ]*_\([_A-Za-z][_A-Za-z0-9]*\)$/\1 _\2 \2/p' | sed '/ __gnu_lto/d' \> conftest.nm
configure:7977: $? = 0
configure:8043: /usr/bin/gcc -o conftest -g -O2   conftest.c conftstm.o >&5
warning: (x86_64)  could not find object file symbol for symbol _main
configure:8046: $? = 0
configure:8084: result: ok
configure:8131: checking for sysroot
configure:8161: result: no
configure:8168: checking for a working dd
configure:8206: result: /bin/dd
configure:8210: checking how to truncate binary pipes
configure:8225: result: /bin/dd bs=4096 count=1
configure:8554: checking for mt
configure:8584: result: no
configure:8604: checking if : is a manifest tool
configure:8610: : '-?'
configure:8618: result: no
configure:8674: checking for dsymutil
configure:8690: found /usr/bin/dsymutil
configure:8701: result: dsymutil
configure:8766: checking for nmedit
configure:8782: found /usr/bin/nmedit
configure:8793: result: nmedit
configure:8858: checking for lipo
configure:8874: found /usr/bin/lipo
configure:8885: result: lipo
configure:8950: checking for otool
configure:8966: found /usr/bin/otool
configure:8977: result: otool
configure:9042: checking for otool64
configure:9072: result: no
configure:9117: checking for -single_module linker flag
/usr/bin/gcc -g -O2  -o libconftest.dylib -dynamiclib -Wl,-single_module conftest.c
configure:9150: result: yes
configure:9153: checking for -exported_symbols_list linker flag
configure:9173: /usr/bin/gcc -o conftest -g -O2   -Wl,-exported_symbols_list,conftest.sym conftest.c  >&5
configure:9173: $? = 0
configure:9183: result: yes
configure:9186: checking for -force_load linker flag
/usr/bin/gcc -g -O2 -c -o conftest.o conftest.c
ar cru libconftest.a conftest.o
ranlib libconftest.a
/usr/bin/gcc -g -O2  -o conftest conftest.c -Wl,-force_load,./libconftest.a
configure:9218: result: yes
configure:9292: checking for dlfcn.h
configure:9292: /usr/bin/gcc -c -g -O2  conftest.c >&5
configure:9292: $? = 0
configure:9292: result: yes
configure:9559: checking for objdir
configure:9574: result: .libs
configure:9838: checking if /usr/bin/gcc supports -fno-rtti -fno-exceptions
configure:9856: /usr/bin/gcc -c -g -O2  -fno-rtti -fno-exceptions conftest.c >&5
configure:9860: $? = 0
configure:9873: result: yes
configure:10231: checking for /usr/bin/gcc option to produce PIC
configure:10238: result: -fno-common -DPIC
configure:10246: checking if /usr/bin/gcc PIC flag -fno-common -DPIC works
configure:10264: /usr/bin/gcc -c -g -O2  -fno-common -DPIC -DPIC conftest.c >&5
configure:10268: $? = 0
configure:10281: result: yes
configure:10310: checking if /usr/bin/gcc static flag -static works
configure:10338: result: no
configure:10353: checking if /usr/bin/gcc supports -c -o file.o
configure:10374: /usr/bin/gcc -c -g -O2  -o out/conftest2.o conftest.c >&5
configure:10378: $? = 0
configure:10400: result: yes
configure:10408: checking if /usr/bin/gcc supports -c -o file.o
configure:10455: result: yes
configure:10488: checking whether the /usr/bin/gcc linker (/Library/Developer/CommandLineTools/usr/bin/ld) supports shared libraries
configure:11747: result: yes
configure:11987: checking dynamic linker characteristics
configure:12805: result: darwin15.6.0 dyld
configure:12927: checking how to hardcode library paths into programs
configure:12952: result: immediate
configure:13500: checking whether stripping libraries is possible
configure:13514: result: yes
configure:13540: checking if libtool supports shared libraries
configure:13542: result: yes
configure:13545: checking whether to build shared libraries
configure:13570: result: yes
configure:13573: checking whether to build static libraries
configure:13577: result: yes
configure:13600: checking how to run the C++ preprocessor
configure:13627: g++ -E  conftest.cpp
configure:13627: $? = 0
configure:13641: g++ -E  conftest.cpp
conftest.cpp:28:10: fatal error: 'ac_nonexistent.h' file not found
#include <ac_nonexistent.h>
         ^
1 error generated.
configure:13641: $? = 1
configure: failed program was:
| /* confdefs.h */
| #define PACKAGE_NAME "MY_PROJECT"
| #define PACKAGE_TARNAME "enot"
| #define PACKAGE_VERSION "v0.0.1"
| #define PACKAGE_STRING "MY_PROJECT v0.0.1"
| #define PACKAGE_BUGREPORT "mnsaru22@gmail.com"
| #define PACKAGE_URL "http://google.com"
| #define PACKAGE "enot"
| #define VERSION "v0.0.1"
| #define STDC_HEADERS 1
| #define HAVE_SYS_TYPES_H 1
| #define HAVE_SYS_STAT_H 1
| #define HAVE_STDLIB_H 1
| #define HAVE_STRING_H 1
| #define HAVE_MEMORY_H 1
| #define HAVE_STRINGS_H 1
| #define HAVE_INTTYPES_H 1
| #define HAVE_STDINT_H 1
| #define HAVE_UNISTD_H 1
| #define __EXTENSIONS__ 1
| #define _ALL_SOURCE 1
| #define _GNU_SOURCE 1
| #define _POSIX_PTHREAD_SEMANTICS 1
| #define _TANDEM_SOURCE 1
| #define HAVE_DLFCN_H 1
| #define LT_OBJDIR ".libs/"
| /* end confdefs.h.  */
| #include <ac_nonexistent.h>
configure:13666: result: g++ -E
configure:13686: g++ -E  conftest.cpp
configure:13686: $? = 0
configure:13700: g++ -E  conftest.cpp
conftest.cpp:28:10: fatal error: 'ac_nonexistent.h' file not found
#include <ac_nonexistent.h>
         ^
1 error generated.
configure:13700: $? = 1
configure: failed program was:
| /* confdefs.h */
| #define PACKAGE_NAME "MY_PROJECT"
| #define PACKAGE_TARNAME "enot"
| #define PACKAGE_VERSION "v0.0.1"
| #define PACKAGE_STRING "MY_PROJECT v0.0.1"
| #define PACKAGE_BUGREPORT "mnsaru22@gmail.com"
| #define PACKAGE_URL "http://google.com"
| #define PACKAGE "enot"
| #define VERSION "v0.0.1"
| #define STDC_HEADERS 1
| #define HAVE_SYS_TYPES_H 1
| #define HAVE_SYS_STAT_H 1
| #define HAVE_STDLIB_H 1
| #define HAVE_STRING_H 1
| #define HAVE_MEMORY_H 1
| #define HAVE_STRINGS_H 1
| #define HAVE_INTTYPES_H 1
| #define HAVE_STDINT_H 1
| #define HAVE_UNISTD_H 1
| #define __EXTENSIONS__ 1
| #define _ALL_SOURCE 1
| #define _GNU_SOURCE 1
| #define _POSIX_PTHREAD_SEMANTICS 1
| #define _TANDEM_SOURCE 1
| #define HAVE_DLFCN_H 1
| #define LT_OBJDIR ".libs/"
| /* end confdefs.h.  */
| #include <ac_nonexistent.h>
configure:13862: checking for ld used by g++
configure:13929: result: /Library/Developer/CommandLineTools/usr/bin/ld
configure:13936: checking if the linker (/Library/Developer/CommandLineTools/usr/bin/ld) is GNU ld
configure:13951: result: no
configure:14006: checking whether the g++ linker (/Library/Developer/CommandLineTools/usr/bin/ld) supports shared libraries
configure:15079: result: yes
configure:15115: g++ -c -g -O2  conftest.cpp >&5
configure:15118: $? = 0
configure:15599: checking for g++ option to produce PIC
configure:15606: result: -fno-common -DPIC
configure:15614: checking if g++ PIC flag -fno-common -DPIC works
configure:15632: g++ -c -g -O2  -fno-common -DPIC -DPIC conftest.cpp >&5
configure:15636: $? = 0
configure:15649: result: yes
configure:15672: checking if g++ static flag -static works
configure:15700: result: no
configure:15712: checking if g++ supports -c -o file.o
configure:15733: g++ -c -g -O2  -o out/conftest2.o conftest.cpp >&5
configure:15737: $? = 0
configure:15759: result: yes
configure:15764: checking if g++ supports -c -o file.o
configure:15811: result: yes
configure:15841: checking whether the g++ linker (/Library/Developer/CommandLineTools/usr/bin/ld) supports shared libraries
configure:15881: result: yes
configure:16022: checking dynamic linker characteristics
configure:16767: result: darwin15.6.0 dyld
configure:16832: checking how to hardcode library paths into programs
configure:16857: result: immediate
configure:16956: checking whether to enable debug mode
configure:16980: result: no
configure:16997: checking whether to enable profiling mode
configure:17016: result: no
configure:17036: checking for git
configure:17052: found /usr/bin/git
configure:17064: result: yes
configure:17082: checking the build version
configure:17084: result: v0.0.1 (0.0.1)
configure:17087: checking the build number
configure:17110: result: 
configure:17264: checking that generated files are newer than configure
configure:17270: result: done
configure:17305: creating ./config.status

## ---------------------- ##
## Running config.status. ##
## ---------------------- ##

This file was extended by MY_PROJECT config.status v0.0.1, which was
generated by GNU Autoconf 2.69.  Invocation command line was

  CONFIG_FILES    = 
  CONFIG_HEADERS  = 
  CONFIG_LINKS    = 
  CONFIG_COMMANDS = 
  $ ./config.status 

on MacBook-Air

config.status:1080: creating Makefile
config.status:1080: creating src/Makefile
config.status:1237: executing depfiles commands
config.status:1237: executing libtool commands

## ---------------- ##
## Cache variables. ##
## ---------------- ##

ac_cv_build=x86_64-apple-darwin15.6.0
ac_cv_c_compiler_gnu=yes
ac_cv_cxx_compiler_gnu=yes
ac_cv_env_CCC_set=
ac_cv_env_CCC_value=
ac_cv_env_CC_set=set
ac_cv_env_CC_value=/usr/bin/gcc
ac_cv_env_CFLAGS_set=
ac_cv_env_CFLAGS_value=
ac_cv_env_CPPFLAGS_set=
ac_cv_env_CPPFLAGS_value=
ac_cv_env_CPP_set=
ac_cv_env_CPP_value=
ac_cv_env_CXXCPP_set=
ac_cv_env_CXXCPP_value=
ac_cv_env_CXXFLAGS_set=
ac_cv_env_CXXFLAGS_value=
ac_cv_env_CXX_set=
ac_cv_env_CXX_value=
ac_cv_env_LDFLAGS_set=
ac_cv_env_LDFLAGS_value=
ac_cv_env_LIBS_set=
ac_cv_env_LIBS_value=
ac_cv_env_LT_SYS_LIBRARY_PATH_set=
ac_cv_env_LT_SYS_LIBRARY_PATH_value=
ac_cv_env_PKG_CONFIG_LIBDIR_set=
ac_cv_env_PKG_CONFIG_LIBDIR_value=
ac_cv_env_PKG_CONFIG_PATH_set=set
ac_cv_env_PKG_CONFIG_PATH_value=/opt/X11/lib/pkgconfig
ac_cv_env_PKG_CONFIG_set=
ac_cv_env_PKG_CONFIG_value=
ac_cv_env_build_alias_set=
ac_cv_env_build_alias_value=
ac_cv_env_host_alias_set=
ac_cv_env_host_alias_value=
ac_cv_env_target_alias_set=
ac_cv_env_target_alias_value=
ac_cv_header_dlfcn_h=yes
ac_cv_header_inttypes_h=yes
ac_cv_header_memory_h=yes
ac_cv_header_minix_config_h=no
ac_cv_header_stdc=yes
ac_cv_header_stdint_h=yes
ac_cv_header_stdlib_h=yes
ac_cv_header_string_h=yes
ac_cv_header_strings_h=yes
ac_cv_header_sys_stat_h=yes
ac_cv_header_sys_types_h=yes
ac_cv_header_unistd_h=yes
ac_cv_host=x86_64-apple-darwin15.6.0
ac_cv_objext=o
ac_cv_path_EGREP='/usr/bin/grep -E'
ac_cv_path_FGREP='/usr/bin/grep -F'
ac_cv_path_GREP=/usr/bin/grep
ac_cv_path_SED=/usr/bin/sed
ac_cv_path_ac_pt_PKG_CONFIG=/usr/local/bin/pkg-config
ac_cv_path_install='/usr/local/bin/ginstall -c'
ac_cv_path_lt_DD=/bin/dd
ac_cv_path_mkdir=/usr/local/bin/gmkdir
ac_cv_prog_AWK=awk
ac_cv_prog_CPP='/usr/bin/gcc -E'
ac_cv_prog_CXXCPP='g++ -E'
ac_cv_prog_ac_ct_AR=ar
ac_cv_prog_ac_ct_CC=/usr/bin/gcc
ac_cv_prog_ac_ct_CXX=g++
ac_cv_prog_ac_ct_DSYMUTIL=dsymutil
ac_cv_prog_ac_ct_LIPO=lipo
ac_cv_prog_ac_ct_NMEDIT=nmedit
ac_cv_prog_ac_ct_OTOOL=otool
ac_cv_prog_ac_ct_RANLIB=ranlib
ac_cv_prog_ac_ct_STRIP=strip
ac_cv_prog_cc_c89=
ac_cv_prog_cc_g=yes
ac_cv_prog_cxx_g=yes
ac_cv_prog_ff_git=yes
ac_cv_prog_make_make_set=yes
ac_cv_safe_to_define___extensions__=yes
am_cv_CC_dependencies_compiler_type=gcc3
am_cv_CXX_dependencies_compiler_type=gcc3
am_cv_ar_interface=ar
am_cv_make_support_nested_variables=yes
am_cv_prog_cc_c_o=yes
lt_cv_apple_cc_single_mod=yes
lt_cv_ar_at_file=no
lt_cv_deplibs_check_method=pass_all
lt_cv_file_magic_cmd='$MAGIC_CMD'
lt_cv_file_magic_test_file=
lt_cv_ld_exported_symbols_list=yes
lt_cv_ld_force_load=yes
lt_cv_ld_reload_flag=-r
lt_cv_nm_interface='BSD nm'
lt_cv_objdir=.libs
lt_cv_path_LD=/Library/Developer/CommandLineTools/usr/bin/ld
lt_cv_path_LDCXX=/Library/Developer/CommandLineTools/usr/bin/ld
lt_cv_path_NM='/usr/bin/nm -B'
lt_cv_path_mainfest_tool=no
lt_cv_prog_compiler_c_o=yes
lt_cv_prog_compiler_c_o_CXX=yes
lt_cv_prog_compiler_pic='-fno-common -DPIC'
lt_cv_prog_compiler_pic_CXX='-fno-common -DPIC'
lt_cv_prog_compiler_pic_works=yes
lt_cv_prog_compiler_pic_works_CXX=yes
lt_cv_prog_compiler_rtti_exceptions=yes
lt_cv_prog_compiler_static_works=no
lt_cv_prog_compiler_static_works_CXX=no
lt_cv_prog_gnu_ld=no
lt_cv_prog_gnu_ldcxx=no
lt_cv_sharedlib_from_linklib_cmd='printf %s\n'
lt_cv_sys_global_symbol_pipe='sed -n -e '\''s/^.*[	 ]\([BCDEGRST][BCDEGRST]*\)[	 ][	 ]*_\([_A-Za-z][_A-Za-z0-9]*\)$/\1 _\2 \2/p'\'' | sed '\''/ __gnu_lto/d'\'''
lt_cv_sys_global_symbol_to_c_name_address='sed -n -e '\''s/^: \(.*\) .*$/  {"\1", (void *) 0},/p'\'' -e '\''s/^[BCDEGRST][BCDEGRST]* .* \(.*\)$/  {"\1", (void *) \&\1},/p'\'''
lt_cv_sys_global_symbol_to_c_name_address_lib_prefix='sed -n -e '\''s/^: \(.*\) .*$/  {"\1", (void *) 0},/p'\'' -e '\''s/^[BCDEGRST][BCDEGRST]* .* \(lib.*\)$/  {"\1", (void *) \&\1},/p'\'' -e '\''s/^[BCDEGRST][BCDEGRST]* .* \(.*\)$/  {"lib\1", (void *) \&\1},/p'\'''
lt_cv_sys_global_symbol_to_cdecl='sed -n -e '\''s/^T .* \(.*\)$/extern int \1();/p'\'' -e '\''s/^[BCDEGRST][BCDEGRST]* .* \(.*\)$/extern char \1;/p'\'''
lt_cv_sys_global_symbol_to_import=
lt_cv_sys_max_cmd_len=196608
lt_cv_to_host_file_cmd=func_convert_file_noop
lt_cv_to_tool_file_cmd=func_convert_file_noop
lt_cv_truncate_bin='/bin/dd bs=4096 count=1'

## ----------------- ##
## Output variables. ##
## ----------------- ##

ACLOCAL='${SHELL} /Users/mnsaru/Dropbox/articles_books/tone_help/test_code_auto/build-aux/missing aclocal-1.15'
AMDEPBACKSLASH='\'
AMDEP_FALSE='#'
AMDEP_TRUE=''
AMTAR='$${TAR-tar}'
AM_BACKSLASH='\'
AM_DEFAULT_V='$(AM_DEFAULT_VERBOSITY)'
AM_DEFAULT_VERBOSITY='0'
AM_V='$(V)'
AR='ar'
AUTOCONF='${SHELL} /Users/mnsaru/Dropbox/articles_books/tone_help/test_code_auto/build-aux/missing autoconf'
AUTOHEADER='${SHELL} /Users/mnsaru/Dropbox/articles_books/tone_help/test_code_auto/build-aux/missing autoheader'
AUTOMAKE='automake --foreign -a'
AWK='awk'
CC='/usr/bin/gcc'
CCDEPMODE='depmode=gcc3'
CFLAGS='-std=gnu89 -Werror -Wall -g -O2 -O3'
CPP='/usr/bin/gcc -E'
CPPFLAGS=''
CXX='g++'
CXXCPP='g++ -E'
CXXDEPMODE='depmode=gcc3'
CXXFLAGS='-Werror -Wall -g -O2 -O3'
CYGPATH_W='echo'
DEBUG_FALSE=''
DEBUG_TRUE='#'
DEFS='-DPACKAGE_NAME=\"MY_PROJECT\" -DPACKAGE_TARNAME=\"enot\" -DPACKAGE_VERSION=\"v0.0.1\" -DPACKAGE_STRING=\"MY_PROJECT\ v0.0.1\" -DPACKAGE_BUGREPORT=\"mnsaru22@gmail.com\" -DPACKAGE_URL=\"http://google.com\" -DPACKAGE=\"enot\" -DVERSION=\"v0.0.1\" -DSTDC_HEADERS=1 -DHAVE_SYS_TYPES_H=1 -DHAVE_SYS_STAT_H=1 -DHAVE_STDLIB_H=1 -DHAVE_STRING_H=1 -DHAVE_MEMORY_H=1 -DHAVE_STRINGS_H=1 -DHAVE_INTTYPES_H=1 -DHAVE_STDINT_H=1 -DHAVE_UNISTD_H=1 -D__EXTENSIONS__=1 -D_ALL_SOURCE=1 -D_GNU_SOURCE=1 -D_POSIX_PTHREAD_SEMANTICS=1 -D_TANDEM_SOURCE=1 -DHAVE_DLFCN_H=1 -DLT_OBJDIR=\".libs/\" -D__STDC_FORMAT_MACROS=/\*\*/ -DNDEBUG=/\*\*/'
DEPDIR='.deps'
DLLTOOL='false'
DSYMUTIL='dsymutil'
DUMPBIN=''
ECHO_C='\c'
ECHO_N=''
ECHO_T=''
EGREP='/usr/bin/grep -E'
EXEEXT=''
FGREP='/usr/bin/grep -F'
GREP='/usr/bin/grep'
INSTALL_DATA='${INSTALL} -m 644'
INSTALL_PROGRAM='${INSTALL}'
INSTALL_SCRIPT='${INSTALL}'
INSTALL_STRIP_PROGRAM='$(install_sh) -c -s'
LD='/Library/Developer/CommandLineTools/usr/bin/ld'
LDFLAGS=''
LIBOBJS=''
LIBS=''
LIBTOOL='$(SHELL) $(top_builddir)/libtool'
LIPO='lipo'
LLCR_BRANCH=''
LLCR_BUILD=''
LLCR_DESCRIBE=''
LLCR_VERSION='v0.0.1'
LLCR_VERSION_NORMALIZED='0.0.1'
LN_S='ln -s'
LTLIBOBJS=''
LT_SYS_LIBRARY_PATH=''
MAKEINFO='${SHELL} /Users/mnsaru/Dropbox/articles_books/tone_help/test_code_auto/build-aux/missing makeinfo'
MANIFEST_TOOL=':'
MKDIR_P='/usr/local/bin/gmkdir -p'
NM='/usr/bin/nm -B'
NMEDIT='nmedit'
OBJDUMP='false'
OBJEXT='o'
OTOOL64=':'
OTOOL='otool'
PACKAGE='enot'
PACKAGE_BUGREPORT='mnsaru22@gmail.com'
PACKAGE_NAME='MY_PROJECT'
PACKAGE_STRING='MY_PROJECT v0.0.1'
PACKAGE_TARNAME='enot'
PACKAGE_URL='http://google.com'
PACKAGE_VERSION='v0.0.1'
PATH_SEPARATOR=':'
PKG_CONFIG='/usr/local/bin/pkg-config'
PKG_CONFIG_LIBDIR=''
PKG_CONFIG_PATH='/opt/X11/lib/pkgconfig'
RANLIB='ranlib'
SED='/usr/bin/sed'
SET_MAKE=''
SHELL='/bin/sh'
STRIP='strip'
VERSION='v0.0.1'
ac_ct_AR='ar'
ac_ct_CC='/usr/bin/gcc'
ac_ct_CXX='g++'
ac_ct_DUMPBIN=''
am__EXEEXT_FALSE=''
am__EXEEXT_TRUE='#'
am__fastdepCC_FALSE='#'
am__fastdepCC_TRUE=''
am__fastdepCXX_FALSE='#'
am__fastdepCXX_TRUE=''
am__include='include'
am__isrc=' -I$(srcdir)'
am__leading_dot='.'
am__nodep='_no'
am__quote=''
am__tar='$${TAR-tar} chof - "$$tardir"'
am__untar='$${TAR-tar} xf -'
bindir='${exec_prefix}/bin'
build='x86_64-apple-darwin15.6.0'
build_alias=''
build_cpu='x86_64'
build_os='darwin15.6.0'
build_vendor='apple'
datadir='${datarootdir}'
datarootdir='${prefix}/share'
docdir='${datarootdir}/doc/${PACKAGE_TARNAME}'
dvidir='${docdir}'
exec_prefix='${prefix}'
ff_git='yes'
host='x86_64-apple-darwin15.6.0'
host_alias=''
host_cpu='x86_64'
host_os='darwin15.6.0'
host_vendor='apple'
htmldir='${docdir}'
includedir='${prefix}/include'
infodir='${datarootdir}/info'
install_sh='${SHELL} /Users/mnsaru/Dropbox/articles_books/tone_help/test_code_auto/build-aux/install-sh'
libdir='${exec_prefix}/lib'
libexecdir='${exec_prefix}/libexec'
localedir='${datarootdir}/locale'
localstatedir='${prefix}/var'
mandir='${datarootdir}/man'
mkdir_p='$(MKDIR_P)'
oldincludedir='/usr/include'
pdfdir='${docdir}'
prefix='/usr/local'
program_transform_name='s,x,x,'
psdir='${docdir}'
sbindir='${exec_prefix}/sbin'
sharedstatedir='${prefix}/com'
sysconfdir='${prefix}/etc'
target_alias=''

## ----------- ##
## confdefs.h. ##
## ----------- ##

/* confdefs.h */
#define PACKAGE_NAME "MY_PROJECT"
#define PACKAGE_TARNAME "enot"
#define PACKAGE_VERSION "v0.0.1"
#define PACKAGE_STRING "MY_PROJECT v0.0.1"
#define PACKAGE_BUGREPORT "mnsaru22@gmail.com"
#define PACKAGE_URL "http://google.com"
#define PACKAGE "enot"
#define VERSION "v0.0.1"
#define STDC_HEADERS 1
#define HAVE_SYS_TYPES_H 1
#define HAVE_SYS_STAT_H 1
#define HAVE_STDLIB_H 1
#define HAVE_STRING_H 1
#define HAVE_MEMORY_H 1
#define HAVE_STRINGS_H 1
#define HAVE_INTTYPES_H 1
#define HAVE_STDINT_H 1
#define HAVE_UNISTD_H 1
#define __EXTENSIONS__ 1
#define _ALL_SOURCE 1
#define _GNU_SOURCE 1
#define _POSIX_PTHREAD_SEMANTICS 1
#define _TANDEM_SOURCE 1
#define HAVE_DLFCN_H 1
#define LT_OBJDIR ".libs/"
#define __STDC_FORMAT_MACROS /**/
#define NDEBUG /**/

configure: exit 0
